sample.interval=20000
"lazyLoadDBfetch" "model.frame.default" "<Anonymous>" "eval" "eval" "lm" 
"gc" "system.time" 
"gc" "system.time" 
"gc" "system.time" 
"gc" "system.time" 
"gc" "system.time" 
"gc" "system.time" 
"gc" "system.time" 
"gc" "system.time" 
"scan" "read.table" "read.csv" "best" 
"scan" "read.table" "read.csv" "best" 
"scan" "read.table" "read.csv" "best" 
"scan" "read.table" "read.csv" "best" 
"scan" "read.table" "read.csv" "best" 
"scan" "read.table" "read.csv" "best" 
"scan" "read.table" "read.csv" "best" 
"scan" "read.table" "read.csv" "best" 
"scan" "read.table" "read.csv" "best" 
"scan" "read.table" "read.csv" "best" 
"scan" "read.table" "read.csv" "best" 
"scan" "read.table" "read.csv" "best" 
"scan" "read.table" "read.csv" "best" 
"scan" "read.table" "read.csv" "best" 
"scan" "read.table" "read.csv" "best" 
"scan" "read.table" "read.csv" "best" 
"scan" "read.table" "read.csv" "best" 
"scan" "read.table" "read.csv" "best" 
"scan" "read.table" "read.csv" "best" 
"scan" "read.table" "read.csv" "best" 
"scan" "read.table" "read.csv" "best" 
"scan" "read.table" "read.csv" "best" 
"scan" "read.table" "read.csv" "best" 
"scan" "read.table" "read.csv" "best" 
"scan" "read.table" "read.csv" "best" 
"scan" "read.table" "read.csv" "best" 
"scan" "read.table" "read.csv" "best" 
"scan" "read.table" "read.csv" "best" 
"scan" "read.table" "read.csv" "best" 
"scan" "read.table" "read.csv" "best" 
"scan" "read.table" "read.csv" "best" 
"scan" "read.table" "read.csv" "best" 
"scan" "read.table" "read.csv" "best" 
"scan" "read.table" "read.csv" "best" 
"scan" "read.table" "read.csv" "best" 
"scan" "read.table" "read.csv" "best" 
"scan" "read.table" "read.csv" "best" 
"scan" "read.table" "read.csv" "best" 
"scan" "read.table" "read.csv" "best" 
"scan" "read.table" "read.csv" "best" 
"scan" "read.table" "read.csv" "best" 
"scan" "read.table" "read.csv" "best" 
"scan" "read.table" "read.csv" "best" 
"scan" "read.table" "read.csv" "best" 
"scan" "read.table" "read.csv" "best" 
"scan" "read.table" "read.csv" "best" 
"scan" "read.table" "read.csv" "best" 
"scan" "read.table" "read.csv" "best" 
"scan" "read.table" "read.csv" "best" 
"scan" "read.table" "read.csv" "best" 
"scan" "read.table" "read.csv" "best" 
"scan" "read.table" "read.csv" "best" 
"scan" "read.table" "read.csv" "best" 
"scan" "read.table" "read.csv" "best" 
"scan" "read.table" "read.csv" "best" 
"scan" "read.table" "read.csv" "best" 
"scan" "read.table" "read.csv" "best" 
"scan" "read.table" "read.csv" "best" 
"lazyLoadDBfetch" "is.na.data.frame" "is.na" "is.na" "rank" "as.vector" "xtfrm.default" "xtfrm" "xtfrm" "FUN" "lapply" "order" "print" "best" 
"lazyLoadDBfetch" "is.na.data.frame" "is.na" "is.na" "rank" "as.vector" "xtfrm.default" "xtfrm" "xtfrm" "FUN" "lapply" "order" "print" "best" 
"lazyLoadDBfetch" "is.na.data.frame" "is.na" "is.na" "rank" "as.vector" "xtfrm.default" "xtfrm" "xtfrm" "FUN" "lapply" "order" "print" "best" 
"scan" "read.table" "read.csv" "best" 
"scan" "read.table" "read.csv" "best" 
"scan" "read.table" "read.csv" "best" 
"scan" "read.table" "read.csv" "best" 
"scan" "read.table" "read.csv" "best" 
"scan" "read.table" "read.csv" "best" 
"scan" "read.table" "read.csv" "best" 
"scan" "read.table" "read.csv" "best" 
"scan" "read.table" "read.csv" "best" 
"scan" "read.table" "read.csv" "best" 
"scan" "read.table" "read.csv" "best" 
"scan" "read.table" "read.csv" "best" 
"scan" "read.table" "read.csv" "best" 
"scan" "read.table" "read.csv" "best" 
"scan" "read.table" "read.csv" "best" 
"scan" "read.table" "read.csv" "best" 
"scan" "read.table" "read.csv" "best" 
"scan" "read.table" "read.csv" "best" 
"scan" "read.table" "read.csv" "best" 
"scan" "read.table" "read.csv" "best" 
"scan" "read.table" "read.csv" "best" 
"scan" "read.table" "read.csv" "best" 
"scan" "read.table" "read.csv" "best" 
"scan" "read.table" "read.csv" "best" 
"scan" "read.table" "read.csv" "best" 
"scan" "read.table" "read.csv" "best" 
"scan" "read.table" "read.csv" "best" 
"scan" "read.table" "read.csv" "best" 
"scan" "read.table" "read.csv" "rankhospital" 
"scan" "read.table" "read.csv" "rankhospital" 
"scan" "read.table" "read.csv" "rankhospital" 
"scan" "read.table" "read.csv" "rankhospital" 
"scan" "read.table" "read.csv" "rankhospital" 
"scan" "read.table" "read.csv" "rankhospital" 
"scan" "read.table" "read.csv" "rankhospital" 
"scan" "read.table" "read.csv" "rankhospital" 
"scan" "read.table" "read.csv" "rankhospital" 
"scan" "read.table" "read.csv" "rankhospital" 
"scan" "read.table" "read.csv" "rankhospital" 
"scan" "read.table" "read.csv" "rankhospital" 
"scan" "read.table" "read.csv" "rankhospital" 
"scan" "read.table" "read.csv" "rankhospital" 
"scan" "read.table" "read.csv" "rankhospital" 
"scan" "read.table" "read.csv" "rankhospital" 
"scan" "read.table" "read.csv" "rankhospital" 
"scan" "read.table" "read.csv" "rankhospital" 
"scan" "read.table" "read.csv" "rankhospital" 
"scan" "read.table" "read.csv" "rankhospital" 
"scan" "read.table" "read.csv" "rankhospital" 
"scan" "read.table" "read.csv" "rankhospital" 
"scan" "read.table" "read.csv" "rankhospital" 
"scan" "read.table" "read.csv" "rankhospital" 
"scan" "read.table" "read.csv" "rankhospital" 
"scan" "read.table" "read.csv" "rankhospital" 
"scan" "read.table" "read.csv" "rankhospital" 
"scan" "read.table" "read.csv" "rankhospital" 
"scan" "read.table" "read.csv" "rankhospital" 
"scan" "read.table" "read.csv" "rankhospital" 
"scan" "read.table" "read.csv" "rankhospital" 
